<?xml version="1.0" encoding="UTF-8"?>
<!-- Generated by org.testng.reporters.JUnitXMLReporter -->
<testsuite hostname="ejee" ignored="0" name="Test" tests="3" failures="0" timestamp="2022-04-18T21:45:46 KST" time="62.599" errors="0">
  <testcase name="totalValidation" time="27.568" classname="practise.AppiumFramework.Ecommerce_tc_4"/>
  <testcase name="apiDemo" time="17.586" classname="practise.AppiumFramework.ApiDemoTest"/>
  <testcase name="apiDemo" time="17.423" classname="practise.AppiumFramework.ApiDemoTest"/>
</testsuite> <!-- Test -->
