<?xml version="1.0" encoding="UTF-8"?>
<!-- Generated by org.testng.reporters.JUnitXMLReporter -->
<testsuite hostname="ejee" ignored="0" name="Test" tests="3" failures="0" timestamp="18 4월 2022 13:51:46 GMT" time="62.353" errors="0">
  <testcase name="totalValidation" time="27.065" classname="practise.AppiumFramework.Ecommerce_tc_4"/>
  <testcase name="apiDemo" time="17.741" classname="practise.AppiumFramework.ApiDemoTest"/>
  <testcase name="apiDemo" time="17.529" classname="practise.AppiumFramework.ApiDemoTest"/>
</testsuite> <!-- Test -->
