<?xml version="1.0" encoding="UTF-8"?>
<!-- Generated by org.testng.reporters.JUnitXMLReporter -->
<testsuite ignored="1" hostname="ejee" failures="0" tests="6" name="Car Loan" time="0.027" errors="0" timestamp="2022-04-15T01:22:46 KST">
  <testcase classname="test.day3" name="MobilesignoutCarLoan" time="0.005"/>
  <testcase classname="test.day3" name="MobilesignoutCarLoan" time="0.001"/>
  <testcase classname="test.day3" name="MobilesignoutCarLoan" time="0.0"/>
  <testcase classname="test.day3" name="WebloginCarLoan" time="0.0"/>
  <testcase classname="test.day3" name="MobileloginCarLoan" time="0.0"/>
  <testcase classname="test.day3" name="LoginAPICarLoan" time="0.0"/>
  <testcase classname="test.day3" name="MobilesigninCarLoan" time="0.0">
    <ignored/>
  </testcase> <!-- MobilesigninCarLoan -->
</testsuite> <!-- Car Loan -->
