<?xml version="1.0" encoding="UTF-8"?>
<!-- Generated by org.testng.reporters.JUnitXMLReporter -->
<testsuite ignored="1" hostname="ejee" failures="0" tests="4" name="Default test" time="0.019" errors="0" timestamp="2022-04-13T22:57:25 KST">
  <testcase classname="test.day3" name="MobilesigninCarLoan" time="0.002"/>
  <testcase classname="test.day3" name="WebloginCarLoan" time="0.001"/>
  <testcase classname="test.day3" name="MobileloginCarLoan" time="0.001"/>
  <testcase classname="test.day3" name="LoginAPICarLoan" time="0.001"/>
  <testcase classname="test.day3" name="MobilesignoutCarLoan" time="0.0">
    <ignored/>
  </testcase> <!-- MobilesignoutCarLoan -->
</testsuite> <!-- Default test -->
