<?xml version="1.0" encoding="UTF-8"?>
<testng-results ignored="0" total="6" passed="6" failed="0" skipped="0">
  <reporter-output>
  </reporter-output>
  <suite started-at="2022-04-15T23:53:59 KST" name="Command line suite" finished-at="2022-04-15T23:53:59 KST" duration-ms="20">
    <groups>
    </groups>
    <test started-at="2022-04-15T23:53:59 KST" name="Command line test" finished-at="2022-04-15T23:53:59 KST" duration-ms="20">
      <class name="qaclickacademy.AppiumTest">
        <test-method signature="IOSApps()[pri:0, instance:qaclickacademy.AppiumTest@3349e9bb]" started-at="2022-04-15T23:53:59 KST" name="IOSApps" finished-at="2022-04-15T23:53:59 KST" duration-ms="1" status="PASS">
          <reporter-output>
          </reporter-output>
        </test-method> <!-- IOSApps -->
        <test-method signature="NativeAppAndroid()[pri:0, instance:qaclickacademy.AppiumTest@3349e9bb]" started-at="2022-04-15T23:53:59 KST" name="NativeAppAndroid" finished-at="2022-04-15T23:53:59 KST" duration-ms="0" status="PASS">
          <reporter-output>
          </reporter-output>
        </test-method> <!-- NativeAppAndroid -->
      </class> <!-- qaclickacademy.AppiumTest -->
      <class name="qaclickacademy.RestAPITest">
        <test-method signature="deleteTwitter()[pri:0, instance:qaclickacademy.RestAPITest@6f1de4c7]" started-at="2022-04-15T23:53:59 KST" name="deleteTwitter" finished-at="2022-04-15T23:53:59 KST" duration-ms="0" status="PASS">
          <reporter-output>
          </reporter-output>
        </test-method> <!-- deleteTwitter -->
        <test-method signature="postJira()[pri:0, instance:qaclickacademy.RestAPITest@6f1de4c7]" started-at="2022-04-15T23:53:59 KST" name="postJira" finished-at="2022-04-15T23:53:59 KST" duration-ms="0" status="PASS">
          <reporter-output>
          </reporter-output>
        </test-method> <!-- postJira -->
      </class> <!-- qaclickacademy.RestAPITest -->
      <class name="qaclickacademy.SeleniumTest">
        <test-method signature="elementsUi()[pri:0, instance:qaclickacademy.SeleniumTest@459e9125]" started-at="2022-04-15T23:53:59 KST" name="elementsUi" finished-at="2022-04-15T23:53:59 KST" duration-ms="0" status="PASS">
          <reporter-output>
          </reporter-output>
        </test-method> <!-- elementsUi -->
        <test-method signature="BrowserAutomation()[pri:0, instance:qaclickacademy.SeleniumTest@459e9125]" started-at="2022-04-15T23:53:59 KST" name="BrowserAutomation" finished-at="2022-04-15T23:53:59 KST" duration-ms="0" status="PASS">
          <reporter-output>
          </reporter-output>
        </test-method> <!-- BrowserAutomation -->
      </class> <!-- qaclickacademy.SeleniumTest -->
    </test> <!-- Command line test -->
  </suite> <!-- Command line suite -->
</testng-results>
