<?xml version="1.0" encoding="UTF-8"?>
<!-- Generated by org.testng.reporters.JUnitReportReporter -->
<testsuite skipped="0" hostname="ejee" name="practise.AppiumFramework.ApiDemoTest" tests="2" failures="0" timestamp="18 4월 2022 13:51:46 GMT" time="35.270" errors="0">
  <testcase name="apiDemo" time="17.529" classname="practise.AppiumFramework.ApiDemoTest"/>
  <testcase name="apiDemo" time="17.741" classname="practise.AppiumFramework.ApiDemoTest"/>
</testsuite> <!-- practise.AppiumFramework.ApiDemoTest -->
