<?xml version="1.0" encoding="UTF-8"?>
<testng-results ignored="2" total="13" passed="10" failed="1" skipped="0">
  <reporter-output>
  </reporter-output>
  <suite started-at="2022-04-15T01:22:46 KST" name="Loan Department" finished-at="2022-04-15T01:22:46 KST" duration-ms="27">
    <groups>
      <group name="Smoke">
        <method signature="day2.Demo()[pri:0, instance:test.day2@6a84a97d]" name="Demo" class="test.day2"/>
        <method signature="day4.MobileloginHomeLoan()[pri:0, instance:test.day4@6c130c45]" name="MobileloginHomeLoan" class="test.day4"/>
        <method signature="day3.MobileloginCarLoan()[pri:0, instance:test.day3@f5acb9d]" name="MobileloginCarLoan" class="test.day3"/>
      </group> <!-- Smoke -->
    </groups>
    <test started-at="2022-04-15T01:22:46 KST" name="Car Loan" finished-at="2022-04-15T01:22:46 KST" duration-ms="27">
      <class name="test.day3">
        <test-method is-config="true" signature="Bfsuite()[pri:0, instance:test.day3@f5acb9d]" started-at="2022-04-15T01:22:46 KST" name="Bfsuite" finished-at="2022-04-15T01:22:46 KST" duration-ms="4" status="PASS">
          <reporter-output>
          </reporter-output>
        </test-method> <!-- Bfsuite -->
        <test-method is-config="true" signature="beforeclass()[pri:0, instance:test.day3@f5acb9d]" started-at="2022-04-15T01:22:46 KST" name="beforeclass" finished-at="2022-04-15T01:22:46 KST" duration-ms="0" status="PASS">
          <reporter-output>
          </reporter-output>
        </test-method> <!-- beforeclass -->
        <test-method signature="MobilesignoutCarLoan(java.lang.String,java.lang.String)[pri:0, instance:test.day3@f5acb9d]" started-at="2022-04-15T01:22:46 KST" name="MobilesignoutCarLoan" data-provider="getData" finished-at="2022-04-15T01:22:46 KST" duration-ms="5" status="PASS">
          <params>
            <param index="0">
              <value>
                <![CDATA[firstSetUsername]]>
              </value>
            </param>
            <param index="1">
              <value>
                <![CDATA[password]]>
              </value>
            </param>
          </params>
          <reporter-output>
          </reporter-output>
        </test-method> <!-- MobilesignoutCarLoan -->
        <test-method is-config="true" signature="beforeevery()[pri:0, instance:test.day3@f5acb9d]" started-at="2022-04-15T01:22:46 KST" name="beforeevery" finished-at="2022-04-15T01:22:46 KST" duration-ms="0" status="PASS">
          <reporter-output>
          </reporter-output>
        </test-method> <!-- beforeevery -->
        <test-method signature="MobilesignoutCarLoan(java.lang.String,java.lang.String)[pri:0, instance:test.day3@f5acb9d]" started-at="2022-04-15T01:22:46 KST" name="MobilesignoutCarLoan" data-provider="getData" finished-at="2022-04-15T01:22:46 KST" duration-ms="1" status="PASS">
          <params>
            <param index="0">
              <value>
                <![CDATA[secondSetUsername]]>
              </value>
            </param>
            <param index="1">
              <value>
                <![CDATA[secondPassword]]>
              </value>
            </param>
          </params>
          <reporter-output>
          </reporter-output>
        </test-method> <!-- MobilesignoutCarLoan -->
        <test-method is-config="true" signature="beforeevery()[pri:0, instance:test.day3@f5acb9d]" started-at="2022-04-15T01:22:46 KST" name="beforeevery" finished-at="2022-04-15T01:22:46 KST" duration-ms="0" status="PASS">
          <reporter-output>
          </reporter-output>
        </test-method> <!-- beforeevery -->
        <test-method is-config="true" signature="afterevery()[pri:0, instance:test.day3@f5acb9d]" started-at="2022-04-15T01:22:46 KST" name="afterevery" finished-at="2022-04-15T01:22:46 KST" duration-ms="0" status="PASS">
          <reporter-output>
          </reporter-output>
        </test-method> <!-- afterevery -->
        <test-method is-config="true" signature="beforeevery()[pri:0, instance:test.day3@f5acb9d]" started-at="2022-04-15T01:22:46 KST" name="beforeevery" finished-at="2022-04-15T01:22:46 KST" duration-ms="1" status="PASS">
          <reporter-output>
          </reporter-output>
        </test-method> <!-- beforeevery -->
        <test-method is-config="true" signature="afterevery()[pri:0, instance:test.day3@f5acb9d]" started-at="2022-04-15T01:22:46 KST" name="afterevery" finished-at="2022-04-15T01:22:46 KST" duration-ms="0" status="PASS">
          <reporter-output>
          </reporter-output>
        </test-method> <!-- afterevery -->
        <test-method signature="MobilesignoutCarLoan(java.lang.String,java.lang.String)[pri:0, instance:test.day3@f5acb9d]" started-at="2022-04-15T01:22:46 KST" name="MobilesignoutCarLoan" data-provider="getData" finished-at="2022-04-15T01:22:46 KST" duration-ms="0" status="PASS">
          <params>
            <param index="0">
              <value>
                <![CDATA[thirdSetUsername]]>
              </value>
            </param>
            <param index="1">
              <value>
                <![CDATA[thirdPassword]]>
              </value>
            </param>
          </params>
          <reporter-output>
          </reporter-output>
        </test-method> <!-- MobilesignoutCarLoan -->
        <test-method is-config="true" signature="afterevery()[pri:0, instance:test.day3@f5acb9d]" started-at="2022-04-15T01:22:46 KST" name="afterevery" finished-at="2022-04-15T01:22:46 KST" duration-ms="0" status="PASS">
          <reporter-output>
          </reporter-output>
        </test-method> <!-- afterevery -->
        <test-method signature="WebloginCarLoan(java.lang.String,java.lang.String)[pri:0, instance:test.day3@f5acb9d]" started-at="2022-04-15T01:22:46 KST" name="WebloginCarLoan" finished-at="2022-04-15T01:22:46 KST" duration-ms="0" status="PASS">
          <params>
            <param index="0">
              <value>
                <![CDATA[carloan.com]]>
              </value>
            </param>
            <param index="1">
              <value>
                <![CDATA[123456]]>
              </value>
            </param>
          </params>
          <reporter-output>
          </reporter-output>
        </test-method> <!-- WebloginCarLoan -->
        <test-method is-config="true" signature="beforeevery()[pri:0, instance:test.day3@f5acb9d]" started-at="2022-04-15T01:22:46 KST" name="beforeevery" finished-at="2022-04-15T01:22:46 KST" duration-ms="0" status="PASS">
          <reporter-output>
          </reporter-output>
        </test-method> <!-- beforeevery -->
        <test-method is-config="true" signature="afterevery()[pri:0, instance:test.day3@f5acb9d]" started-at="2022-04-15T01:22:46 KST" name="afterevery" finished-at="2022-04-15T01:22:46 KST" duration-ms="0" status="PASS">
          <reporter-output>
          </reporter-output>
        </test-method> <!-- afterevery -->
        <test-method signature="MobileloginCarLoan()[pri:0, instance:test.day3@f5acb9d]" started-at="2022-04-15T01:22:46 KST" name="MobileloginCarLoan" finished-at="2022-04-15T01:22:46 KST" duration-ms="0" status="PASS">
          <reporter-output>
          </reporter-output>
        </test-method> <!-- MobileloginCarLoan -->
        <test-method is-config="true" signature="beforeevery()[pri:0, instance:test.day3@f5acb9d]" started-at="2022-04-15T01:22:46 KST" name="beforeevery" finished-at="2022-04-15T01:22:46 KST" duration-ms="0" status="PASS">
          <reporter-output>
          </reporter-output>
        </test-method> <!-- beforeevery -->
        <test-method is-config="true" signature="afterevery()[pri:0, instance:test.day3@f5acb9d]" started-at="2022-04-15T01:22:46 KST" name="afterevery" finished-at="2022-04-15T01:22:46 KST" duration-ms="0" status="PASS">
          <reporter-output>
          </reporter-output>
        </test-method> <!-- afterevery -->
        <test-method is-config="true" signature="afterevery()[pri:0, instance:test.day3@f5acb9d]" started-at="2022-04-15T01:22:46 KST" name="afterevery" finished-at="2022-04-15T01:22:46 KST" duration-ms="1" status="PASS">
          <reporter-output>
          </reporter-output>
        </test-method> <!-- afterevery -->
        <test-method signature="LoginAPICarLoan()[pri:0, instance:test.day3@f5acb9d]" started-at="2022-04-15T01:22:46 KST" name="LoginAPICarLoan" finished-at="2022-04-15T01:22:46 KST" depends-on-methods="test.day3.WebloginCarLoan" duration-ms="0" status="PASS">
          <reporter-output>
          </reporter-output>
        </test-method> <!-- LoginAPICarLoan -->
        <test-method is-config="true" signature="beforeevery()[pri:0, instance:test.day3@f5acb9d]" started-at="2022-04-15T01:22:46 KST" name="beforeevery" finished-at="2022-04-15T01:22:46 KST" duration-ms="0" status="PASS">
          <reporter-output>
          </reporter-output>
        </test-method> <!-- beforeevery -->
        <test-method is-config="true" signature="afterclass()[pri:0, instance:test.day3@f5acb9d]" started-at="2022-04-15T01:22:46 KST" name="afterclass" finished-at="2022-04-15T01:22:46 KST" duration-ms="0" status="PASS">
          <reporter-output>
          </reporter-output>
        </test-method> <!-- afterclass -->
      </class> <!-- test.day3 -->
      <class name="test.day1">
        <test-method is-config="true" signature="Afsuite()[pri:0, instance:test.day1@22e357dc]" started-at="2022-04-15T01:22:46 KST" name="Afsuite" finished-at="2022-04-15T01:22:46 KST" duration-ms="0" status="PASS">
          <reporter-output>
          </reporter-output>
        </test-method> <!-- Afsuite -->
      </class> <!-- test.day1 -->
    </test> <!-- Car Loan -->
    <test started-at="2022-04-15T01:22:46 KST" name="Personal loan" finished-at="2022-04-15T01:22:46 KST" duration-ms="25">
      <class name="test.day4">
        <test-method signature="LoginAPIHomeLoan()[pri:0, instance:test.day4@6c130c45]" started-at="2022-04-15T01:22:46 KST" name="LoginAPIHomeLoan" finished-at="2022-04-15T01:22:46 KST" duration-ms="1" status="PASS">
          <reporter-output>
          </reporter-output>
        </test-method> <!-- LoginAPIHomeLoan -->
        <test-method signature="MobileloginHomeLoan()[pri:0, instance:test.day4@6c130c45]" started-at="2022-04-15T01:22:46 KST" name="MobileloginHomeLoan" finished-at="2022-04-15T01:22:46 KST" duration-ms="0" status="PASS">
          <reporter-output>
          </reporter-output>
        </test-method> <!-- MobileloginHomeLoan -->
        <test-method signature="WebloginHomeLoan(java.lang.String)[pri:0, instance:test.day4@6c130c45]" started-at="2022-04-15T01:22:46 KST" name="WebloginHomeLoan" finished-at="2022-04-15T01:22:46 KST" duration-ms="0" status="PASS">
          <params>
            <param index="0">
              <value>
                <![CDATA[personalloan.com]]>
              </value>
            </param>
          </params>
          <reporter-output>
          </reporter-output>
        </test-method> <!-- WebloginHomeLoan -->
      </class> <!-- test.day4 -->
      <class name="test.day2">
        <test-method is-config="true" signature="prerequiste()[pri:0, instance:test.day2@6a84a97d]" started-at="2022-04-15T01:22:46 KST" name="prerequiste" finished-at="2022-04-15T01:22:46 KST" duration-ms="0" status="PASS">
          <reporter-output>
          </reporter-output>
        </test-method> <!-- prerequiste -->
        <test-method signature="Demo()[pri:0, instance:test.day2@6a84a97d]" started-at="2022-04-15T01:22:46 KST" name="Demo" finished-at="2022-04-15T01:22:46 KST" duration-ms="1" status="PASS">
          <reporter-output>
          </reporter-output>
        </test-method> <!-- Demo -->
      </class> <!-- test.day2 -->
      <class name="test.day1">
        <test-method signature="Demo()[pri:0, instance:test.day1@22e357dc]" started-at="2022-04-15T01:22:46 KST" name="Demo" finished-at="2022-04-15T01:22:46 KST" duration-ms="7" status="FAIL">
          <exception class="java.lang.AssertionError">
            <message>
              <![CDATA[expected [true] but found [false]]]>
            </message>
            <full-stacktrace>
              <![CDATA[java.lang.AssertionError: expected [true] but found [false]
at org.testng.Assert.fail(Assert.java:99)
at org.testng.Assert.failNotEquals(Assert.java:1037)
at org.testng.Assert.assertTrue(Assert.java:45)
at org.testng.Assert.assertTrue(Assert.java:55)
at test.day1.Demo(day1.java:20)
at java.base/jdk.internal.reflect.NativeMethodAccessorImpl.invoke0(Native Method)
at java.base/jdk.internal.reflect.NativeMethodAccessorImpl.invoke(NativeMethodAccessorImpl.java:77)
at java.base/jdk.internal.reflect.DelegatingMethodAccessorImpl.invoke(DelegatingMethodAccessorImpl.java:43)
at java.base/java.lang.reflect.Method.invoke(Method.java:568)
at org.testng.internal.MethodInvocationHelper.invokeMethod(MethodInvocationHelper.java:133)
at org.testng.internal.TestInvoker.invokeMethod(TestInvoker.java:598)
at org.testng.internal.TestInvoker.invokeTestMethod(TestInvoker.java:173)
at org.testng.internal.MethodRunner.runInSequence(MethodRunner.java:46)
at org.testng.internal.TestInvoker$MethodInvocationAgent.invoke(TestInvoker.java:824)
at org.testng.internal.TestInvoker.invokeTestMethods(TestInvoker.java:146)
at org.testng.internal.TestMethodWorker.invokeTestMethods(TestMethodWorker.java:146)
at org.testng.internal.TestMethodWorker.run(TestMethodWorker.java:128)
at java.base/java.util.ArrayList.forEach(ArrayList.java:1511)
at org.testng.TestRunner.privateRun(TestRunner.java:794)
at org.testng.TestRunner.run(TestRunner.java:596)
at org.testng.SuiteRunner.runTest(SuiteRunner.java:377)
at org.testng.SuiteRunner.access$000(SuiteRunner.java:28)
at org.testng.SuiteRunner$SuiteWorker.run(SuiteRunner.java:418)
at org.testng.internal.thread.ThreadUtil.lambda$execute$0(ThreadUtil.java:64)
at java.base/java.util.concurrent.FutureTask.run(FutureTask.java:264)
at java.base/java.util.concurrent.ThreadPoolExecutor.runWorker(ThreadPoolExecutor.java:1136)
at java.base/java.util.concurrent.ThreadPoolExecutor$Worker.run(ThreadPoolExecutor.java:635)
at java.base/java.lang.Thread.run(Thread.java:833)
]]>
            </full-stacktrace>
          </exception> <!-- java.lang.AssertionError -->
          <reporter-output>
          </reporter-output>
        </test-method> <!-- Demo -->
        <test-method is-config="true" signature="lastexecute()[pri:0, instance:test.day1@22e357dc]" started-at="2022-04-15T01:22:46 KST" name="lastexecute" finished-at="2022-04-15T01:22:46 KST" duration-ms="0" status="PASS">
          <reporter-output>
          </reporter-output>
        </test-method> <!-- lastexecute -->
      </class> <!-- test.day1 -->
    </test> <!-- Personal loan -->
  </suite> <!-- Loan Department -->
</testng-results>
